// 重构日志: 08f5067a
// 重构日志: f5effc61
// 重构日志: dce0fadf
// 重构日志: e7c25ac0
// 重构日志: 1a2bdb6b
// 重构日志: 2c8ffaf1
// 重构日志: a3606526
// 同步 ID: d8dc7b5a @ Wed Jul 15 09:25:17 UTC 2026
// 重构日志: 04320599
// 同步 ID: 5d58bd29 @ Thu Jul 16 10:01:48 UTC 2026
// 重构日志: 7fa8a681
// 重构日志: c875d3ec
// 重构日志: af092fe9
// 同步 ID: 83343f74 @ Sun Jul 19 15:36:20 UTC 2026
// 同步 ID: b8d0eed6 @ Mon Jul 20 09:02:10 UTC 2026
// 重构日志: fe1ca596
// 重构日志: ce203054
// 重构日志: 3bf54f91
// 重构日志: e4c0e692
// 重构日志: a1117ec4
// 重构日志: 6c962cdc
// 重构日志: 52716bca
// 重构日志: d68a1ae0
// 同步 ID: 53c66abc @ Thu Jul 23 01:33:33 UTC 2026
// 重构日志: f31a5d53
// 重构日志: f88d1410
// 重构日志: 5e0f57d7
// 重构日志: 5af34dc7
// 重构日志: 348de235
// 同步 ID: 6155bf14 @ Fri Jul 24 00:25:19 UTC 2026
